#
# There is insufficient memory for the Java Runtime Environment to continue.
# Native memory allocation (malloc) failed to allocate 1247696 bytes for Chunk::new
# Possible reasons:
#   The system is out of physical RAM or swap space
#   In 32 bit mode, the process size limit was hit
# Possible solutions:
#   Reduce memory load on the system
#   Increase physical memory or swap space
#   Check if swap backing store is full
#   Use 64 bit Java on a 64 bit OS
#   Decrease Java heap size (-Xmx/-Xms)
#   Decrease number of Java threads
#   Decrease Java thread stack sizes (-Xss)
#   Set larger code cache with -XX:ReservedCodeCacheSize=
# This output file may be truncated or incomplete.
#
#  Out of Memory Error (allocation.cpp:390), pid=4172, tid=0x00000000000014cc
#
# JRE version: OpenJDK Runtime Environment (8.0_76-b03) (build 1.8.0_76-release-b03)
# Java VM: OpenJDK 64-Bit Server VM (25.76-b03 mixed mode windows-amd64 compressed oops)
# Failed to write core dump. Minidumps are not enabled by default on client versions of Windows
#

---------------  T H R E A D  ---------------

Current thread (0x0000000016c07800):  JavaThread "C2 CompilerThread0" daemon [_thread_in_native, id=5324, stack(0x0000000018260000,0x0000000018360000)]

Stack: [0x0000000018260000,0x0000000018360000]
[error occurred during error reporting (printing stack bounds), id 0xc0000005]

Native frames: (J=compiled Java code, j=interpreted, Vv=VM code, C=native code)


Current CompileTask:
C2: 163236 12060       4       java.io.WinNTFileSystem::canonicalize (372 bytes)


---------------  P R O C E S S  ---------------

Java Threads: ( => current thread )
  0x000000001ea07800 JavaThread "pool-3-thread-4" [_thread_blocked, id=1012, stack(0x00000000247c0000,0x00000000248c0000)]
  0x000000001ea0a000 JavaThread "pool-3-thread-3" [_thread_blocked, id=6324, stack(0x00000000246c0000,0x00000000247c0000)]
  0x000000001ea0e800 JavaThread "pool-3-thread-2" [_thread_blocked, id=6036, stack(0x00000000235b0000,0x00000000236b0000)]
  0x000000001ea09000 JavaThread "pool-3-thread-1" [_thread_blocked, id=2712, stack(0x00000000234b0000,0x00000000235b0000)]
  0x000000001ea0c000 JavaThread "Stdin handler" [_thread_blocked, id=492, stack(0x00000000233b0000,0x00000000234b0000)]
  0x000000001c08c800 JavaThread "Asynchronous log dispatcher for org.gradle.launcher.daemon.server.DefaultDaemonConnection@1720e722" [_thread_blocked, id=1092, stack(0x0000000022230000,0x0000000022330000)]
  0x000000001c08c000 JavaThread "Daemon worker Thread 2" [_thread_in_native, id=2272, stack(0x0000000022130000,0x0000000022230000)]
  0x000000001c089800 JavaThread "Cancel handler" [_thread_blocked, id=6860, stack(0x0000000022030000,0x0000000022130000)]
  0x000000001c08b000 JavaThread "Handler for socket connection from /127.0.0.1:50107 to /127.0.0.1:50121" [_thread_in_native, id=1412, stack(0x0000000021f30000,0x0000000022030000)]
  0x000000001c08e000 JavaThread "Daemon Thread 2" [_thread_blocked, id=32, stack(0x0000000021e30000,0x0000000021f30000)]
  0x000000001a055000 JavaThread "File lock request listener" [_thread_in_native, id=3352, stack(0x000000001c830000,0x000000001c930000)]
  0x0000000019b0f800 JavaThread "pool-1-thread-1" [_thread_blocked, id=3804, stack(0x000000001ab60000,0x000000001ac60000)]
  0x000000001994a000 JavaThread "Incoming local TCP Connector on port 50107" [_thread_in_native, id=580, stack(0x000000001a710000,0x000000001a810000)]
  0x0000000018588800 JavaThread "Service Thread" daemon [_thread_blocked, id=612, stack(0x0000000018960000,0x0000000018a60000)]
  0x0000000016bff800 JavaThread "C1 CompilerThread2" daemon [_thread_blocked, id=2964, stack(0x0000000018460000,0x0000000018560000)]
  0x0000000016bf7800 JavaThread "C2 CompilerThread1" daemon [_thread_blocked, id=6896, stack(0x0000000018360000,0x0000000018460000)]
=>0x0000000016c07800 JavaThread "C2 CompilerThread0" daemon [_thread_in_native, id=5324, stack(0x0000000018260000,0x0000000018360000)]
  0x0000000016c06000 JavaThread "Attach Listener" daemon [_thread_blocked, id=6996, stack(0x0000000018160000,0x0000000018260000)]
  0x0000000016c05000 JavaThread "Signal Dispatcher" daemon [_thread_blocked, id=2140, stack(0x0000000018060000,0x0000000018160000)]
  0x0000000016be8800 JavaThread "Finalizer" daemon [_thread_blocked, id=4936, stack(0x0000000017e50000,0x0000000017f50000)]
  0x00000000031c0000 JavaThread "Reference Handler" daemon [_thread_blocked, id=1360, stack(0x0000000017d50000,0x0000000017e50000)]
  0x00000000030d0800 JavaThread "main" [_thread_blocked, id=6480, stack(0x0000000001880000,0x0000000001980000)]

Other Threads:
  0x0000000016bc5000 VMThread [stack: 0x0000000017c50000,0x0000000017d50000] [id=368]
  0x0000000018589000 WatcherThread [stack: 0x0000000018a60000,0x0000000018b60000] [id=608]

VM state:not at safepoint (normal execution)

VM Mutex/Monitor currently owned by a thread: None

Heap:
 PSYoungGen      total 136704K, used 23889K [0x00000000e0000000, 0x00000000eaa80000, 0x0000000100000000)
  eden space 117760K, 16% used [0x00000000e0000000,0x00000000e12818f0,0x00000000e7300000)
  from space 18944K, 26% used [0x00000000e7300000,0x00000000e77d2c50,0x00000000e8580000)
  to   space 18944K, 0% used [0x00000000e8580000,0x00000000e8580000,0x00000000e9800000)
 ParOldGen       total 92672K, used 59728K [0x00000000a0000000, 0x00000000a5a80000, 0x00000000e0000000)
  object space 92672K, 64% used [0x00000000a0000000,0x00000000a3a543e0,0x00000000a5a80000)
 Metaspace       used 65105K, capacity 67606K, committed 67840K, reserved 1107968K
  class space    used 8569K, capacity 9100K, committed 9216K, reserved 1048576K

Card table byte_map: [0x0000000012650000,0x0000000012960000] byte_map_base: 0x0000000012150000

Marking Bits: (ParMarkBitMap*) 0x0000000051c19d00
 Begin Bits: [0x0000000012f60000, 0x0000000014760000)
 End Bits:   [0x0000000014760000, 0x0000000015f60000)

Polling page: 0x0000000001860000

CodeCache: size=245760Kb used=35556Kb max_used=35568Kb free=210203Kb
 bounds [0x0000000003290000, 0x0000000005580000, 0x0000000012290000]
 total_blobs=10984 nmethods=10243 adapters=653
 compilation: enabled

Compilation events (10 events):
Event: 163.135 Thread 0x0000000016bff800 nmethod 12069 0x0000000005559810 code [0x0000000005559960, 0x0000000005559a50]
Event: 163.144 Thread 0x0000000016bff800 12070       3       org.gradle.api.internal.changedetection.state.OutputFilesCollectionSnapshotter::getRoots (72 bytes)
Event: 163.145 Thread 0x0000000016bff800 nmethod 12070 0x0000000005569c90 code [0x0000000005569f00, 0x000000000556af08]
Event: 163.148 Thread 0x0000000016bf7800 12071   !   4       sun.nio.cs.StreamEncoder::write (78 bytes)
Event: 163.153 Thread 0x0000000016bff800 12073       3       com.google.common.cache.LocalCache$WeakValueReference::<init> (12 bytes)
Event: 163.153 Thread 0x0000000016bff800 nmethod 12073 0x0000000005569690 code [0x0000000005569800, 0x0000000005569b30]
Event: 163.154 Thread 0x0000000016bff800 12074       3       com.android.builder.profile.ProcessRecorder::get (7 bytes)
Event: 163.154 Thread 0x0000000016bff800 nmethod 12074 0x00000000055692d0 code [0x0000000005569440, 0x00000000055695c8]
Event: 163.162 Thread 0x0000000016bf7800 nmethod 12071 0x000000000556eb90 code [0x000000000556ed20, 0x000000000556f6d8]
Event: 163.162 Thread 0x0000000016bf7800 12072 %     4       sun.nio.cs.UTF_8$Encoder::encodeArrayLoop @ 73 (489 bytes)

GC Heap History (10 events):
Event: 145.256 GC heap before
{Heap before GC invocations=31 (full 4):
 PSYoungGen      total 116736K, used 116723K [0x00000000e0000000, 0x00000000e8700000, 0x0000000100000000)
  eden space 102400K, 100% used [0x00000000e0000000,0x00000000e6400000,0x00000000e6400000)
  from space 14336K, 99% used [0x00000000e7680000,0x00000000e847cf18,0x00000000e8480000)
  to   space 17920K, 0% used [0x00000000e6400000,0x00000000e6400000,0x00000000e7580000)
 ParOldGen       total 92672K, used 45455K [0x00000000a0000000, 0x00000000a5a80000, 0x00000000e0000000)
  object space 92672K, 49% used [0x00000000a0000000,0x00000000a2c63cf8,0x00000000a5a80000)
 Metaspace       used 57480K, capacity 59804K, committed 59904K, reserved 1101824K
  class space    used 7645K, capacity 8135K, committed 8192K, reserved 1048576K
Event: 145.274 GC heap after
Heap after GC invocations=31 (full 4):
 PSYoungGen      total 120320K, used 9442K [0x00000000e0000000, 0x00000000e8f80000, 0x0000000100000000)
  eden space 102400K, 0% used [0x00000000e0000000,0x00000000e0000000,0x00000000e6400000)
  from space 17920K, 52% used [0x00000000e6400000,0x00000000e6d38b68,0x00000000e7580000)
  to   space 17920K, 0% used [0x00000000e7e00000,0x00000000e7e00000,0x00000000e8f80000)
 ParOldGen       total 92672K, used 52883K [0x00000000a0000000, 0x00000000a5a80000, 0x00000000e0000000)
  object space 92672K, 57% used [0x00000000a0000000,0x00000000a33a4dd8,0x00000000a5a80000)
 Metaspace       used 57480K, capacity 59804K, committed 59904K, reserved 1101824K
  class space    used 7645K, capacity 8135K, committed 8192K, reserved 1048576K
}
Event: 155.377 GC heap before
{Heap before GC invocations=32 (full 4):
 PSYoungGen      total 120320K, used 111842K [0x00000000e0000000, 0x00000000e8f80000, 0x0000000100000000)
  eden space 102400K, 100% used [0x00000000e0000000,0x00000000e6400000,0x00000000e6400000)
  from space 17920K, 52% used [0x00000000e6400000,0x00000000e6d38b68,0x00000000e7580000)
  to   space 17920K, 0% used [0x00000000e7e00000,0x00000000e7e00000,0x00000000e8f80000)
 ParOldGen       total 92672K, used 52883K [0x00000000a0000000, 0x00000000a5a80000, 0x00000000e0000000)
  object space 92672K, 57% used [0x00000000a0000000,0x00000000a33a4dd8,0x00000000a5a80000)
 Metaspace       used 61778K, capacity 64256K, committed 64384K, reserved 1105920K
  class space    used 8254K, capacity 8797K, committed 8832K, reserved 1048576K
Event: 155.398 GC heap after
Heap after GC invocations=32 (full 4):
 PSYoungGen      total 126976K, used 10301K [0x00000000e0000000, 0x00000000e8e80000, 0x0000000100000000)
  eden space 110080K, 0% used [0x00000000e0000000,0x00000000e0000000,0x00000000e6b80000)
  from space 16896K, 60% used [0x00000000e7e00000,0x00000000e880f548,0x00000000e8e80000)
  to   space 17920K, 0% used [0x00000000e6b80000,0x00000000e6b80000,0x00000000e7d00000)
 ParOldGen       total 92672K, used 52891K [0x00000000a0000000, 0x00000000a5a80000, 0x00000000e0000000)
  object space 92672K, 57% used [0x00000000a0000000,0x00000000a33a6dd8,0x00000000a5a80000)
 Metaspace       used 61778K, capacity 64256K, committed 64384K, reserved 1105920K
  class space    used 8254K, capacity 8797K, committed 8832K, reserved 1048576K
}
Event: 162.306 GC heap before
{Heap before GC invocations=33 (full 4):
 PSYoungGen      total 126976K, used 120294K [0x00000000e0000000, 0x00000000e8e80000, 0x0000000100000000)
  eden space 110080K, 99% used [0x00000000e0000000,0x00000000e6b6a5b0,0x00000000e6b80000)
  from space 16896K, 60% used [0x00000000e7e00000,0x00000000e880f548,0x00000000e8e80000)
  to   space 17920K, 0% used [0x00000000e6b80000,0x00000000e6b80000,0x00000000e7d00000)
 ParOldGen       total 92672K, used 52891K [0x00000000a0000000, 0x00000000a5a80000, 0x00000000e0000000)
  object space 92672K, 57% used [0x00000000a0000000,0x00000000a33a6dd8,0x00000000a5a80000)
 Metaspace       used 64843K, capacity 67386K, committed 67456K, reserved 1107968K
  class space    used 8536K, capacity 9056K, committed 9088K, reserved 1048576K
Event: 162.332 GC heap after
Heap after GC invocations=33 (full 4):
 PSYoungGen      total 128000K, used 13036K [0x00000000e0000000, 0x00000000e9800000, 0x0000000100000000)
  eden space 110080K, 0% used [0x00000000e0000000,0x00000000e0000000,0x00000000e6b80000)
  from space 17920K, 72% used [0x00000000e6b80000,0x00000000e783b020,0x00000000e7d00000)
  to   space 18944K, 0% used [0x00000000e8580000,0x00000000e8580000,0x00000000e9800000)
 ParOldGen       total 92672K, used 52907K [0x00000000a0000000, 0x00000000a5a80000, 0x00000000e0000000)
  object space 92672K, 57% used [0x00000000a0000000,0x00000000a33aadd8,0x00000000a5a80000)
 Metaspace       used 64843K, capacity 67386K, committed 67456K, reserved 1107968K
  class space    used 8536K, capacity 9056K, committed 9088K, reserved 1048576K
}
Event: 162.357 GC heap before
{Heap before GC invocations=34 (full 4):
 PSYoungGen      total 128000K, used 122692K [0x00000000e0000000, 0x00000000e9800000, 0x0000000100000000)
  eden space 110080K, 99% used [0x00000000e0000000,0x00000000e6b16358,0x00000000e6b80000)
  from space 17920K, 72% used [0x00000000e6b80000,0x00000000e783b020,0x00000000e7d00000)
  to   space 18944K, 0% used [0x00000000e8580000,0x00000000e8580000,0x00000000e9800000)
 ParOldGen       total 92672K, used 52907K [0x00000000a0000000, 0x00000000a5a80000, 0x00000000e0000000)
  object space 92672K, 57% used [0x00000000a0000000,0x00000000a33aadd8,0x00000000a5a80000)
 Metaspace       used 64848K, capacity 67386K, committed 67456K, reserved 1107968K
  class space    used 8536K, capacity 9056K, committed 9088K, reserved 1048576K
Event: 162.370 GC heap after
Heap after GC invocations=34 (full 4):
 PSYoungGen      total 136704K, used 11964K [0x00000000e0000000, 0x00000000eaa80000, 0x0000000100000000)
  eden space 117760K, 0% used [0x00000000e0000000,0x00000000e0000000,0x00000000e7300000)
  from space 18944K, 63% used [0x00000000e8580000,0x00000000e912f1c0,0x00000000e9800000)
  to   space 18944K, 0% used [0x00000000e7300000,0x00000000e7300000,0x00000000e8580000)
 ParOldGen       total 92672K, used 52915K [0x00000000a0000000, 0x00000000a5a80000, 0x00000000e0000000)
  object space 92672K, 57% used [0x00000000a0000000,0x00000000a33acdd8,0x00000000a5a80000)
 Metaspace       used 64848K, capacity 67386K, committed 67456K, reserved 1107968K
  class space    used 8536K, capacity 9056K, committed 9088K, reserved 1048576K
}
Event: 162.382 GC heap before
{Heap before GC invocations=35 (full 4):
 PSYoungGen      total 136704K, used 129655K [0x00000000e0000000, 0x00000000eaa80000, 0x0000000100000000)
  eden space 117760K, 99% used [0x00000000e0000000,0x00000000e72eedc0,0x00000000e7300000)
  from space 18944K, 63% used [0x00000000e8580000,0x00000000e912f1c0,0x00000000e9800000)
  to   space 18944K, 0% used [0x00000000e7300000,0x00000000e7300000,0x00000000e8580000)
 ParOldGen       total 92672K, used 52915K [0x00000000a0000000, 0x00000000a5a80000, 0x00000000e0000000)
  object space 92672K, 57% used [0x00000000a0000000,0x00000000a33acdd8,0x00000000a5a80000)
 Metaspace       used 64852K, capacity 67386K, committed 67456K, reserved 1107968K
  class space    used 8536K, capacity 9056K, committed 9088K, reserved 1048576K
Event: 162.393 GC heap after
Heap after GC invocations=35 (full 4):
 PSYoungGen      total 136704K, used 4939K [0x00000000e0000000, 0x00000000eaa80000, 0x0000000100000000)
  eden space 117760K, 0% used [0x00000000e0000000,0x00000000e0000000,0x00000000e7300000)
  from space 18944K, 26% used [0x00000000e7300000,0x00000000e77d2c50,0x00000000e8580000)
  to   space 18944K, 0% used [0x00000000e8580000,0x00000000e8580000,0x00000000e9800000)
 ParOldGen       total 92672K, used 59728K [0x00000000a0000000, 0x00000000a5a80000, 0x00000000e0000000)
  object space 92672K, 64% used [0x00000000a0000000,0x00000000a3a543e0,0x00000000a5a80000)
 Metaspace       used 64852K, capacity 67386K, committed 67456K, reserved 1107968K
  class space    used 8536K, capacity 9056K, committed 9088K, reserved 1048576K
}

Deoptimization events (10 events):
Event: 162.713 Thread 0x000000001c08c000 Uncommon trap: reason=class_check action=maybe_recompile pc=0x0000000004cd96fc method=java.util.zip.InflaterInputStream.fill()V @ 19
Event: 162.713 Thread 0x000000001c08c000 Uncommon trap: reason=bimorphic action=maybe_recompile pc=0x0000000004b2f23c method=java.io.BufferedInputStream.read1([BII)I @ 39
Event: 162.713 Thread 0x000000001c08c000 Uncommon trap: reason=class_check action=maybe_recompile pc=0x0000000004cd96fc method=java.util.zip.InflaterInputStream.fill()V @ 19
Event: 162.714 Thread 0x000000001c08c000 Uncommon trap: reason=bimorphic action=maybe_recompile pc=0x0000000004b2f23c method=java.io.BufferedInputStream.read1([BII)I @ 39
Event: 162.732 Thread 0x000000001c08c000 Uncommon trap: reason=class_check action=maybe_recompile pc=0x0000000004cd96fc method=java.util.zip.InflaterInputStream.fill()V @ 19
Event: 162.732 Thread 0x000000001c08c000 Uncommon trap: reason=class_check action=maybe_recompile pc=0x0000000004cd96fc method=java.util.zip.InflaterInputStream.fill()V @ 19
Event: 162.768 Thread 0x000000001c08c000 Uncommon trap: reason=unstable_if action=reinterpret pc=0x0000000004f33024 method=com.sun.org.apache.xerces.internal.dom.ParentNode.getChildNodes()Lorg/w3c/dom/NodeList; @ 4
Event: 162.768 Thread 0x000000001c08c000 Uncommon trap: reason=class_check action=maybe_recompile pc=0x0000000004f25c54 method=com.sun.org.apache.xerces.internal.dom.ElementImpl.getNodeName()Ljava/lang/String; @ 8
Event: 162.768 Thread 0x000000001c08c000 Uncommon trap: reason=class_check action=maybe_recompile pc=0x0000000004f25c54 method=com.sun.org.apache.xerces.internal.dom.ElementImpl.getNodeName()Ljava/lang/String; @ 8
Event: 162.871 Thread 0x000000001c08c000 Uncommon trap: reason=unstable_if action=reinterpret pc=0x00000000054b7848 method=java.net.URI.needsNormalization(Ljava/lang/String;)I @ 149

Internal exceptions (10 events):
Event: 127.654 Thread 0x000000001c08c000 Exception <a 'java/lang/ClassNotFoundException': com/android/build/gradle/tasks/fd/GenerateInstantRunAppInfoTaskCustomizer> (0x00000000e4eb4718) thrown at [C:\src\android\AOSP-openjdk\external\jetbrains\jdk\hotspot\src\share\vm\classfile\systemDictionary.cÁ‹èé_@
Event: 127.655 Thread 0x000000001c08c000 Exception <a 'java/lang/ClassNotFoundException': com/android/build/gradle/tasks/fd/GenerateInstantRunAppInfoTask_DecoratedCustomizer> (0x00000000e4edce18) thrown at [C:\src\android\AOSP-openjdk\external\jetbrains\jdk\hotspot\src\share\vm\classfile\systemDiSLÒ­ß–`@
Event: 132.715 Thread 0x000000001c08c000 Exception <a 'java/lang/ClassNotFoundException': com/android/build/gradle/internal/LibraryCache$1BeanInfo> (0x00000000e04b0a60) thrown at [C:\src\android\AOSP-openjdk\external\jetbrains\jdk\hotspot\src\share\vm\classfile\systemDictionary.cpp, line 210]
Event: 132.715 Thread 0x000000001c08c000 Exception <a 'java/lang/ClassNotFoundException': com/android/build/gradle/internal/LibraryCache$1Customizer> (0x00000000e04c12f8) thrown at [C:\src\android\AOSP-openjdk\external\jetbrains\jdk\hotspot\src\share\vm\classfile\systemDictionary.cpp, line 210]
Event: 139.814 Thread 0x000000001c08c000 Implicit null exception at 0x0000000004f3c357 to 0x0000000004f3c493
Event: 146.383 Thread 0x000000001c08c000 Implicit null exception at 0x0000000004f89931 to 0x0000000004f88135
Event: 146.383 Thread 0x000000001c08c000 Implicit null exception at 0x0000000004f89931 to 0x0000000004f88135
Event: 146.392 Thread 0x000000001c08c000 Implicit null exception at 0x0000000004f89931 to 0x0000000004f88135
Event: 161.083 Thread 0x000000001c08c000 Exception <a 'java/lang/NoSuchMethodError': <clinit>> (0x00000000e3d5f160) thrown at [C:\src\android\AOSP-openjdk\external\jetbrains\jdk\hotspot\src\share\vm\prims\jni.cpp, line 1591]
Event: 162.638 Thread 0x000000001c08c000 Exception <a 'java/io/FileNotFoundException'> (0x00000000e07b1400) thrown at [C:\src\android\AOSP-openjdk\external\jetbrains\jdk\hotspot\src\share\vm\prims\jni.cpp, line 709]

Events (10 events):
Event: 162.810 loading class org/objectweb/asm/Item done
Event: 162.814 loading class org/objectweb/asm/Label
Event: 162.814 loading class org/objectweb/asm/Label done
Event: 162.852 loading class com/google/common/collect/TreeTraverser$BreadthFirstIterator
Event: 162.852 loading class com/google/common/collect/TreeTraverser$BreadthFirstIterator done
Event: 162.871 Thread 0x000000001c08c000 Uncommon trap: trap_request=0xffffff65 fr.pc=0x00000000054b7848
Event: 162.871 Thread 0x000000001c08c000 DEOPT PACKING pc=0x00000000054b7848 sp=0x000000002222c550
Event: 162.871 Thread 0x000000001c08c000 DEOPT UNPACKING pc=0x00000000032d556a sp=0x000000002222c4d8 mode 2
Event: 162.958 Thread 0x000000001c08c000 DEOPT PACKING pc=0x0000000005560965 sp=0x000000002222c500
Event: 162.958 Thread 0x000000001c08c000 DEOPT UNPACKING pc=0x00000000032d75bf sp=0x000000002222c278 mode 0


Dynamic libraries:
0x00007ff6c2940000 - 0x00007ff6c2971000 	C:\Program Files\Android\Android Studio\jre\bin\java.exe
0x00007ffaa7fc0000 - 0x00007ffaa8191000 	C:\WINDOWS\SYSTEM32\ntdll.dll
0x00007ffaa7850000 - 0x00007ffaa78fb000 	C:\WINDOWS\System32\KERNEL32.DLL
0x00007ffaa44b0000 - 0x00007ffaa46cd000 	C:\WINDOWS\System32\KERNELBASE.dll
0x00007ffaa2820000 - 0x00007ffaa289a000 	C:\WINDOWS\system32\apphelp.dll
0x00007ffaa7700000 - 0x00007ffaa77a2000 	C:\WINDOWS\System32\ADVAPI32.dll
0x00007ffaa77b0000 - 0x00007ffaa784e000 	C:\WINDOWS\System32\msvcrt.dll
0x00007ffaa6c30000 - 0x00007ffaa6c89000 	C:\WINDOWS\System32\sechost.dll
0x00007ffaa6c90000 - 0x00007ffaa6db1000 	C:\WINDOWS\System32\RPCRT4.dll
0x00007ffaa6ac0000 - 0x00007ffaa6c25000 	C:\WINDOWS\System32\USER32.dll
0x00007ffaa4780000 - 0x00007ffaa479e000 	C:\WINDOWS\System32\win32u.dll
0x00007ffaa74e0000 - 0x00007ffaa7514000 	C:\WINDOWS\System32\GDI32.dll
0x00007ffaa51f0000 - 0x00007ffaa5372000 	C:\WINDOWS\System32\gdi32full.dll
0x00007ffa8eeb0000 - 0x00007ffa8f129000 	C:\WINDOWS\WinSxS\amd64_microsoft.windows.common-controls_6595b64144ccf1df_6.0.14393.447_none_42191651c6827bb3\COMCTL32.dll
0x00007ffaa6de0000 - 0x00007ffaa70a8000 	C:\WINDOWS\System32\combase.dll
0x00007ffaa5040000 - 0x00007ffaa5135000 	C:\WINDOWS\System32\ucrtbase.dll
0x00007ffaa4fd0000 - 0x00007ffaa503a000 	C:\WINDOWS\System32\bcryptPrimitives.dll
0x00007ffaa7d20000 - 0x00007ffaa7d4e000 	C:\WINDOWS\System32\IMM32.DLL
0x00000000512a0000 - 0x0000000051372000 	C:\Program Files\Android\Android Studio\jre\jre\bin\msvcr100.dll
0x0000000051460000 - 0x0000000051c94000 	C:\Program Files\Android\Android Studio\jre\jre\bin\server\jvm.dll
0x00007ffaa7d50000 - 0x00007ffaa7d58000 	C:\WINDOWS\System32\PSAPI.DLL
0x00007ffaa02c0000 - 0x00007ffaa02c9000 	C:\WINDOWS\SYSTEM32\WSOCK32.dll
0x00007ffaa7690000 - 0x00007ffaa76fa000 	C:\WINDOWS\System32\WS2_32.dll
0x00007ffa9fda0000 - 0x00007ffa9fdaa000 	C:\WINDOWS\SYSTEM32\VERSION.dll
0x00007ffaa2580000 - 0x00007ffaa25a3000 	C:\WINDOWS\SYSTEM32\WINMM.dll
0x00007ffaa23a0000 - 0x00007ffaa23cb000 	C:\WINDOWS\SYSTEM32\WINMMBASE.dll
0x00007ffaa5140000 - 0x00007ffaa5182000 	C:\WINDOWS\System32\cfgmgr32.dll
0x00007ffaa0260000 - 0x00007ffaa026f000 	C:\Program Files\Android\Android Studio\jre\jre\bin\verify.dll
0x00007ffa9cd00000 - 0x00007ffa9cd29000 	C:\Program Files\Android\Android Studio\jre\jre\bin\java.dll
0x00007ffa9cce0000 - 0x00007ffa9ccf6000 	C:\Program Files\Android\Android Studio\jre\jre\bin\zip.dll
0x00007ffaa55b0000 - 0x00007ffaa6ab9000 	C:\WINDOWS\System32\SHELL32.dll
0x00007ffaa48f0000 - 0x00007ffaa4fca000 	C:\WINDOWS\System32\windows.storage.dll
0x00007ffaa4420000 - 0x00007ffaa446c000 	C:\WINDOWS\System32\powrprof.dll
0x00007ffaa5550000 - 0x00007ffaa55a2000 	C:\WINDOWS\System32\shlwapi.dll
0x00007ffaa44a0000 - 0x00007ffaa44af000 	C:\WINDOWS\System32\kernel.appcore.dll
0x00007ffaa46d0000 - 0x00007ffaa4779000 	C:\WINDOWS\System32\shcore.dll
0x00007ffaa4470000 - 0x00007ffaa4484000 	C:\WINDOWS\System32\profapi.dll
0x00007ffa9ccc0000 - 0x00007ffa9ccda000 	C:\Program Files\Android\Android Studio\jre\jre\bin\net.dll
0x00007ffaa3c20000 - 0x00007ffaa3c7c000 	C:\WINDOWS\system32\mswsock.dll
0x00007ffa9cc00000 - 0x00007ffa9cc11000 	C:\Program Files\Android\Android Studio\jre\jre\bin\nio.dll
0x00007ffa9cfa0000 - 0x00007ffa9cfb2000 	C:\Users\sistema\.gradle\native\19\windows-amd64\native-platform.dll
0x00007ffaa3e90000 - 0x00007ffaa3ea7000 	C:\WINDOWS\SYSTEM32\CRYPTSP.dll
0x00007ffaa3da0000 - 0x00007ffaa3dd3000 	C:\WINDOWS\system32\rsaenh.dll
0x00007ffaa4370000 - 0x00007ffaa439b000 	C:\WINDOWS\SYSTEM32\bcrypt.dll
0x00007ffaa3ab0000 - 0x00007ffaa3acf000 	C:\WINDOWS\SYSTEM32\USERENV.dll
0x00007ffaa3eb0000 - 0x00007ffaa3ebb000 	C:\WINDOWS\SYSTEM32\CRYPTBASE.dll
0x00007ffaa39b0000 - 0x00007ffaa39e8000 	C:\WINDOWS\SYSTEM32\IPHLPAPI.DLL
0x00007ffaa7c00000 - 0x00007ffaa7c08000 	C:\WINDOWS\System32\NSI.dll
0x00007ffaa0730000 - 0x00007ffaa0746000 	C:\WINDOWS\SYSTEM32\dhcpcsvc6.DLL
0x00007ffaa0710000 - 0x00007ffaa072a000 	C:\WINDOWS\SYSTEM32\dhcpcsvc.DLL
0x00007ffa9e620000 - 0x00007ffa9e62d000 	C:\Program Files\Android\Android Studio\jre\jre\bin\management.dll

VM Arguments:
jvm_args: -Xmx1536m -Dfile.encoding=windows-1252 -Duser.country=PE -Duser.language=es -Duser.variant 
java_command: org.gradle.launcher.daemon.bootstrap.GradleDaemon 2.14.1
java_class_path (initial): C:\Program Files\Android\Android Studio\gradle\gradle-2.14.1\lib\gradle-launcher-2.14.1.jar
Launcher Type: SUN_STANDARD

Environment Variables:
JAVA_HOME=C:\Program Files\Java\jdk1.8.0_101
PATH=C:\ProgramData\Oracle\Java\javapath;C:\WINDOWS\system32;C:\WINDOWS;C:\WINDOWS\System32\Wbem;C:\WINDOWS\System32\WindowsPowerShell\v1.0\;C:\Program Files\Git\cmd;C:\xampp\php;C:\ProgramData\ComposerSetup\bin;C:\Program Files\nodejs\;C:\Users\sistema\AppData\Roaming\Composer\vendor\bin;C:\Users\sistema\AppData\Local\Microsoft\WindowsApps;C:\Users\sistema\AppData\Roaming\npm
USERNAME=sistema
OS=Windows_NT
PROCESSOR_IDENTIFIER=Intel64 Family 6 Model 42 Stepping 7, GenuineIntel



---------------  S Y S T E M  ---------------

OS: Windows 10.0 , 64 bit Build 14393 (10.0.14393.0)

CPU:total 4 (2 cores per cpu, 2 threads per core) family 6 model 42 stepping 7, cmov, cx8, fxsr, mmx, sse, sse2, sse3, ssse3, sse4.1, sse4.2, popcnt, avx, clmul, ht, tsc, tscinvbit

Memory: 4k page, physical 4100552k(139556k free), swap 4100552k(6108k free)

vm_info: OpenJDK 64-Bit Server VM (25.76-b03) for windows-amd64 JRE (1.8.0_76-release-b03), built on Jun 29 2016 19:09:20 by "ralucas" with MS VC++ 10.0 (VS2010)

time: Fri Dec 16 19:24:25 2016
elapsed time: 163 seconds (0d 0h 2m 43s)

