#
# There is insufficient memory for the Java Runtime Environment to continue.
# Native memory allocation (malloc) failed to allocate 32744 bytes for ChunkPool::allocate
# Possible reasons:
#   The system is out of physical RAM or swap space
#   In 32 bit mode, the process size limit was hit
# Possible solutions:
#   Reduce memory load on the system
#   Increase physical memory or swap space
#   Check if swap backing store is full
#   Use 64 bit Java on a 64 bit OS
#   Decrease Java heap size (-Xmx/-Xms)
#   Decrease number of Java threads
#   Decrease Java thread stack sizes (-Xss)
#   Set larger code cache with -XX:ReservedCodeCacheSize=
# This output file may be truncated or incomplete.
#
#  Out of Memory Error (allocation.cpp:273), pid=3820, tid=0x00000000000018b0
#
# JRE version: OpenJDK Runtime Environment (8.0_76-b03) (build 1.8.0_76-release-b03)
# Java VM: OpenJDK 64-Bit Server VM (25.76-b03 mixed mode windows-amd64 compressed oops)
# Failed to write core dump. Minidumps are not enabled by default on client versions of Windows
#

---------------  T H R E A D  ---------------

Current thread (0x000000001607e000):  JavaThread "C2 CompilerThread0" daemon [_thread_in_native, id=6320, stack(0x00000000176e0000,0x00000000177e0000)]

Stack: [0x00000000176e0000,0x00000000177e0000]
[error occurred during error reporting (printing stack bounds), id 0xc0000005]

Native frames: (J=compiled Java code, j=interpreted, Vv=VM code, C=native code)


Current CompileTask:
C2: 125569 9288   !   4       java.nio.file.FileTreeWalker::next (144 bytes)


---------------  P R O C E S S  ---------------

Java Threads: ( => current thread )
  0x000000001b852800 JavaThread "Stdin handler" [_thread_blocked, id=1560, stack(0x0000000023300000,0x0000000023400000)]
  0x000000001b851000 JavaThread "Asynchronous log dispatcher for org.gradle.launcher.daemon.server.DefaultDaemonConnection@6726a476" [_thread_blocked, id=3056, stack(0x0000000023200000,0x0000000023300000)]
  0x000000001b84f800 JavaThread "Daemon worker Thread 2" [_thread_in_native, id=4112, stack(0x0000000023100000,0x0000000023200000)]
  0x000000001b84b800 JavaThread "Cancel handler" [_thread_blocked, id=6376, stack(0x0000000023000000,0x0000000023100000)]
  0x000000001b84f000 JavaThread "Handler for socket connection from /127.0.0.1:51294 to /127.0.0.1:51313" [_thread_in_native, id=4232, stack(0x0000000022f00000,0x0000000023000000)]
  0x000000001b84e000 JavaThread "Daemon Thread 2" [_thread_blocked, id=3544, stack(0x0000000022e00000,0x0000000022f00000)]
  0x00000000191cf000 JavaThread "File lock request listener" [_thread_in_native, id=1940, stack(0x000000001de40000,0x000000001df40000)]
  0x0000000018948000 JavaThread "pool-1-thread-1" [_thread_blocked, id=336, stack(0x0000000019f40000,0x000000001a040000)]
  0x0000000018cae000 JavaThread "Incoming local TCP Connector on port 51294" [_thread_in_native, id=6876, stack(0x0000000019af0000,0x0000000019bf0000)]
  0x00000000160da000 JavaThread "Service Thread" daemon [_thread_blocked, id=896, stack(0x0000000017de0000,0x0000000017ee0000)]
  0x00000000178e8800 JavaThread "C1 CompilerThread2" daemon [_thread_blocked, id=3172, stack(0x0000000017ce0000,0x0000000017de0000)]
  0x00000000160d1800 JavaThread "C2 CompilerThread1" daemon [_thread_blocked, id=2864, stack(0x00000000177e0000,0x00000000178e0000)]
=>0x000000001607e000 JavaThread "C2 CompilerThread0" daemon [_thread_in_native, id=6320, stack(0x00000000176e0000,0x00000000177e0000)]
  0x000000001607d000 JavaThread "Attach Listener" daemon [_thread_blocked, id=5512, stack(0x00000000175e0000,0x00000000176e0000)]
  0x000000001607a000 JavaThread "Signal Dispatcher" daemon [_thread_blocked, id=7056, stack(0x00000000174e0000,0x00000000175e0000)]
  0x0000000016068800 JavaThread "Finalizer" daemon [_thread_blocked, id=6924, stack(0x00000000172d0000,0x00000000173d0000)]
  0x0000000002700000 JavaThread "Reference Handler" daemon [_thread_blocked, id=6484, stack(0x00000000171d0000,0x00000000172d0000)]
  0x0000000002610800 JavaThread "main" [_thread_blocked, id=1220, stack(0x0000000002510000,0x0000000002610000)]

Other Threads:
  0x0000000016045000 VMThread [stack: 0x00000000170d0000,0x00000000171d0000] [id=5068]
  0x00000000160dc000 WatcherThread [stack: 0x0000000017ee0000,0x0000000017fe0000] [id=4336]

VM state:not at safepoint (normal execution)

VM Mutex/Monitor currently owned by a thread: None

Heap:
 PSYoungGen      total 182272K, used 43476K [0x00000000e0000000, 0x00000000ef800000, 0x0000000100000000)
  eden space 165376K, 20% used [0x00000000e0000000,0x00000000e2127280,0x00000000ea180000)
  from space 16896K, 56% used [0x00000000eb200000,0x00000000ebb4df88,0x00000000ec280000)
  to   space 16896K, 0% used [0x00000000ea180000,0x00000000ea180000,0x00000000eb200000)
 ParOldGen       total 81920K, used 43514K [0x00000000a0000000, 0x00000000a5000000, 0x00000000e0000000)
  object space 81920K, 53% used [0x00000000a0000000,0x00000000a2a7ead0,0x00000000a5000000)
 Metaspace       used 57176K, capacity 59430K, committed 59648K, reserved 1101824K
  class space    used 7705K, capacity 8180K, committed 8192K, reserved 1048576K

Card table byte_map: [0x0000000011ad0000,0x0000000011de0000] byte_map_base: 0x00000000115d0000

Marking Bits: (ParMarkBitMap*) 0x0000000051019d00
 Begin Bits: [0x00000000123e0000, 0x0000000013be0000)
 End Bits:   [0x0000000013be0000, 0x00000000153e0000)

Polling page: 0x0000000000bc0000

CodeCache: size=245760Kb used=26821Kb max_used=26824Kb free=218938Kb
 bounds [0x0000000002710000, 0x0000000004170000, 0x0000000011710000]
 total_blobs=8696 nmethods=7980 adapters=628
 compilation: enabled

Compilation events (10 events):
Event: 125.435 Thread 0x00000000178e8800 9295       1       org.gradle.internal.logging.sink.ProgressLogEventGenerator::access$400 (5 bytes)
Event: 125.435 Thread 0x00000000178e8800 nmethod 9295 0x0000000004154f10 code [0x0000000004155060, 0x0000000004155150]
Event: 125.435 Thread 0x00000000178e8800 9296       3       java.util.stream.AbstractPipeline::evaluate (94 bytes)
Event: 125.436 Thread 0x00000000178e8800 nmethod 9296 0x000000000415a2d0 code [0x000000000415a4c0, 0x000000000415abe8]
Event: 125.436 Thread 0x00000000178e8800 9297       1       org.gradle.internal.logging.events.LogEvent::getMessage (5 bytes)
Event: 125.436 Thread 0x00000000178e8800 nmethod 9297 0x0000000004154c10 code [0x0000000004154d60, 0x0000000004154e70]
Event: 125.436 Thread 0x00000000178e8800 9298       1       org.gradle.internal.logging.events.LogEvent::getThrowable (5 bytes)
Event: 125.436 Thread 0x00000000178e8800 nmethod 9298 0x000000000415a010 code [0x000000000415a160, 0x000000000415a270]
Event: 125.440 Thread 0x00000000178e8800 9299       1       org.gradle.api.internal.tasks.DefaultTaskOutputs::getFiles (5 bytes)
Event: 125.441 Thread 0x00000000178e8800 nmethod 9299 0x0000000004159d50 code [0x0000000004159ea0, 0x0000000004159fb0]

GC Heap History (10 events):
Event: 15.250 GC heap before
{Heap before GC invocations=16 (full 2):
 PSYoungGen      total 124928K, used 124922K [0x00000000e0000000, 0x00000000eb980000, 0x0000000100000000)
  eden space 115200K, 100% used [0x00000000e0000000,0x00000000e7080000,0x00000000e7080000)
  from space 9728K, 99% used [0x00000000e7080000,0x00000000e79febc8,0x00000000e7a00000)
  to   space 11264K, 0% used [0x00000000eae80000,0x00000000eae80000,0x00000000eb980000)
 ParOldGen       total 43520K, used 15897K [0x00000000a0000000, 0x00000000a2a80000, 0x00000000e0000000)
  object space 43520K, 36% used [0x00000000a0000000,0x00000000a0f867e0,0x00000000a2a80000)
 Metaspace       used 49196K, capacity 50622K, committed 50816K, reserved 1093632K
  class space    used 6659K, capacity 6997K, committed 7040K, reserved 1048576K
Event: 15.281 GC heap after
Heap after GC invocations=16 (full 2):
 PSYoungGen      total 173568K, used 11240K [0x00000000e0000000, 0x00000000ec180000, 0x0000000100000000)
  eden space 162304K, 0% used [0x00000000e0000000,0x00000000e0000000,0x00000000e9e80000)
  from space 11264K, 99% used [0x00000000eae80000,0x00000000eb97a0a8,0x00000000eb980000)
  to   space 16384K, 0% used [0x00000000e9e80000,0x00000000e9e80000,0x00000000eae80000)
 ParOldGen       total 43520K, used 24422K [0x00000000a0000000, 0x00000000a2a80000, 0x00000000e0000000)
  object space 43520K, 56% used [0x00000000a0000000,0x00000000a17d9b80,0x00000000a2a80000)
 Metaspace       used 49196K, capacity 50622K, committed 50816K, reserved 1093632K
  class space    used 6659K, capacity 6997K, committed 7040K, reserved 1048576K
}
Event: 16.206 GC heap before
{Heap before GC invocations=17 (full 2):
 PSYoungGen      total 173568K, used 94540K [0x00000000e0000000, 0x00000000ec180000, 0x0000000100000000)
  eden space 162304K, 51% used [0x00000000e0000000,0x00000000e5159050,0x00000000e9e80000)
  from space 11264K, 99% used [0x00000000eae80000,0x00000000eb97a0a8,0x00000000eb980000)
  to   space 16384K, 0% used [0x00000000e9e80000,0x00000000e9e80000,0x00000000eae80000)
 ParOldGen       total 43520K, used 24422K [0x00000000a0000000, 0x00000000a2a80000, 0x00000000e0000000)
  object space 43520K, 56% used [0x00000000a0000000,0x00000000a17d9b80,0x00000000a2a80000)
 Metaspace       used 51601K, capacity 53548K, committed 53632K, reserved 1095680K
  class space    used 7089K, capacity 7545K, committed 7552K, reserved 1048576K
Event: 16.248 GC heap after
Heap after GC invocations=17 (full 2):
 PSYoungGen      total 178688K, used 11331K [0x00000000e0000000, 0x00000000ec280000, 0x0000000100000000)
  eden space 162304K, 0% used [0x00000000e0000000,0x00000000e0000000,0x00000000e9e80000)
  from space 16384K, 69% used [0x00000000e9e80000,0x00000000ea990e48,0x00000000eae80000)
  to   space 16896K, 0% used [0x00000000eb200000,0x00000000eb200000,0x00000000ec280000)
 ParOldGen       total 43520K, used 33821K [0x00000000a0000000, 0x00000000a2a80000, 0x00000000e0000000)
  object space 43520K, 77% used [0x00000000a0000000,0x00000000a2107410,0x00000000a2a80000)
 Metaspace       used 51601K, capacity 53548K, committed 53632K, reserved 1095680K
  class space    used 7089K, capacity 7545K, committed 7552K, reserved 1048576K
}
Event: 16.249 GC heap before
{Heap before GC invocations=18 (full 3):
 PSYoungGen      total 178688K, used 11331K [0x00000000e0000000, 0x00000000ec280000, 0x0000000100000000)
  eden space 162304K, 0% used [0x00000000e0000000,0x00000000e0000000,0x00000000e9e80000)
  from space 16384K, 69% used [0x00000000e9e80000,0x00000000ea990e48,0x00000000eae80000)
  to   space 16896K, 0% used [0x00000000eb200000,0x00000000eb200000,0x00000000ec280000)
 ParOldGen       total 43520K, used 33821K [0x00000000a0000000, 0x00000000a2a80000, 0x00000000e0000000)
  object space 43520K, 77% used [0x00000000a0000000,0x00000000a2107410,0x00000000a2a80000)
 Metaspace       used 51601K, capacity 53548K, committed 53632K, reserved 1095680K
  class space    used 7089K, capacity 7545K, committed 7552K, reserved 1048576K
Event: 16.638 GC heap after
Heap after GC invocations=18 (full 3):
 PSYoungGen      total 178688K, used 0K [0x00000000e0000000, 0x00000000ec280000, 0x0000000100000000)
  eden space 162304K, 0% used [0x00000000e0000000,0x00000000e0000000,0x00000000e9e80000)
  from space 16384K, 0% used [0x00000000e9e80000,0x00000000e9e80000,0x00000000eae80000)
  to   space 16896K, 0% used [0x00000000eb200000,0x00000000eb200000,0x00000000ec280000)
 ParOldGen       total 43520K, used 40722K [0x00000000a0000000, 0x00000000a2a80000, 0x00000000e0000000)
  object space 43520K, 93% used [0x00000000a0000000,0x00000000a27c4b48,0x00000000a2a80000)
 Metaspace       used 51601K, capacity 53548K, committed 53632K, reserved 1095680K
  class space    used 7089K, capacity 7545K, committed 7552K, reserved 1048576K
}
Event: 26.019 GC heap before
{Heap before GC invocations=19 (full 4):
 PSYoungGen      total 178688K, used 162304K [0x00000000e0000000, 0x00000000ec280000, 0x0000000100000000)
  eden space 162304K, 100% used [0x00000000e0000000,0x00000000e9e80000,0x00000000e9e80000)
  from space 16384K, 0% used [0x00000000e9e80000,0x00000000e9e80000,0x00000000eae80000)
  to   space 16896K, 0% used [0x00000000eb200000,0x00000000eb200000,0x00000000ec280000)
 ParOldGen       total 43520K, used 40722K [0x00000000a0000000, 0x00000000a2a80000, 0x00000000e0000000)
  object space 43520K, 93% used [0x00000000a0000000,0x00000000a27c4b48,0x00000000a2a80000)
 Metaspace       used 55187K, capacity 57286K, committed 57472K, reserved 1099776K
  class space    used 7473K, capacity 7942K, committed 8064K, reserved 1048576K
Event: 26.389 GC heap after
Heap after GC invocations=19 (full 4):
 PSYoungGen      total 178688K, used 4080K [0x00000000e0000000, 0x00000000ec280000, 0x0000000100000000)
  eden space 162304K, 2% used [0x00000000e0000000,0x00000000e03fc250,0x00000000e9e80000)
  from space 16384K, 0% used [0x00000000e9e80000,0x00000000e9e80000,0x00000000eae80000)
  to   space 16896K, 0% used [0x00000000eb200000,0x00000000eb200000,0x00000000ec280000)
 ParOldGen       total 81920K, used 43506K [0x00000000a0000000, 0x00000000a5000000, 0x00000000e0000000)
  object space 81920K, 53% used [0x00000000a0000000,0x00000000a2a7cad0,0x00000000a5000000)
 Metaspace       used 55187K, capacity 57286K, committed 57472K, reserved 1099776K
  class space    used 7473K, capacity 7942K, committed 8064K, reserved 1048576K
}
Event: 121.423 GC heap before
{Heap before GC invocations=20 (full 4):
 PSYoungGen      total 178688K, used 162304K [0x00000000e0000000, 0x00000000ec280000, 0x0000000100000000)
  eden space 162304K, 100% used [0x00000000e0000000,0x00000000e9e80000,0x00000000e9e80000)
  from space 16384K, 0% used [0x00000000e9e80000,0x00000000e9e80000,0x00000000eae80000)
  to   space 16896K, 0% used [0x00000000eb200000,0x00000000eb200000,0x00000000ec280000)
 ParOldGen       total 81920K, used 43506K [0x00000000a0000000, 0x00000000a5000000, 0x00000000e0000000)
  object space 81920K, 53% used [0x00000000a0000000,0x00000000a2a7cad0,0x00000000a5000000)
 Metaspace       used 57105K, capacity 59430K, committed 59648K, reserved 1101824K
  class space    used 7703K, capacity 8180K, committed 8192K, reserved 1048576K
Event: 121.447 GC heap after
Heap after GC invocations=20 (full 4):
 PSYoungGen      total 182272K, used 9527K [0x00000000e0000000, 0x00000000ef800000, 0x0000000100000000)
  eden space 165376K, 0% used [0x00000000e0000000,0x00000000e0000000,0x00000000ea180000)
  from space 16896K, 56% used [0x00000000eb200000,0x00000000ebb4df88,0x00000000ec280000)
  to   space 16896K, 0% used [0x00000000ea180000,0x00000000ea180000,0x00000000eb200000)
 ParOldGen       total 81920K, used 43514K [0x00000000a0000000, 0x00000000a5000000, 0x00000000e0000000)
  object space 81920K, 53% used [0x00000000a0000000,0x00000000a2a7ead0,0x00000000a5000000)
 Metaspace       used 57105K, capacity 59430K, committed 59648K, reserved 1101824K
  class space    used 7703K, capacity 8180K, committed 8192K, reserved 1048576K
}

Deoptimization events (10 events):
Event: 120.482 Thread 0x000000001b84f800 Uncommon trap: reason=class_check action=maybe_recompile pc=0x0000000003c95d68 method=java.util.HashMap.removeNode(ILjava/lang/Object;Ljava/lang/Object;ZZ)Ljava/util/HashMap$Node; @ 143
Event: 120.500 Thread 0x000000001b84f800 Uncommon trap: reason=class_check action=maybe_recompile pc=0x0000000003bf6a84 method=java.util.HashMap.removeNode(ILjava/lang/Object;Ljava/lang/Object;ZZ)Ljava/util/HashMap$Node; @ 143
Event: 122.075 Thread 0x000000001b84f800 Uncommon trap: reason=unstable_if action=reinterpret pc=0x0000000003d031e4 method=org.gradle.api.internal.file.pattern.FixedStepsPathMatcher.matches([Ljava/lang/String;I)Z @ 70
Event: 122.265 Thread 0x000000001b84f800 Uncommon trap: reason=array_check action=maybe_recompile pc=0x000000000411e064 method=java.util.TimSort.binarySort([Ljava/lang/Object;IIILjava/util/Comparator;)V @ 183
Event: 122.951 Thread 0x0000000018948000 Uncommon trap: reason=class_check action=maybe_recompile pc=0x0000000003a1f010 method=java.lang.reflect.Array.newInstance(Ljava/lang/Class;I)Ljava/lang/Object; @ 2
Event: 122.951 Thread 0x0000000018948000 Uncommon trap: reason=class_check action=maybe_recompile pc=0x0000000003a1f010 method=java.lang.reflect.Array.newInstance(Ljava/lang/Class;I)Ljava/lang/Object; @ 2
Event: 122.952 Thread 0x0000000018948000 Uncommon trap: reason=speculate_class_check action=maybe_recompile pc=0x000000000338e718 method=java.util.AbstractList.listIterator()Ljava/util/ListIterator; @ 2
Event: 122.952 Thread 0x0000000018948000 Uncommon trap: reason=bimorphic action=maybe_recompile pc=0x00000000028d0560 method=com.google.common.collect.TransformedIterator.next()Ljava/lang/Object; @ 10
Event: 124.112 Thread 0x000000001b84f800 Uncommon trap: reason=array_check action=maybe_recompile pc=0x000000000411df84 method=java.util.TimSort.binarySort([Ljava/lang/Object;IIILjava/util/Comparator;)V @ 193
Event: 124.450 Thread 0x000000001b84f800 Uncommon trap: reason=array_check action=maybe_recompile pc=0x000000000411df84 method=java.util.TimSort.binarySort([Ljava/lang/Object;IIILjava/util/Comparator;)V @ 193

Internal exceptions (10 events):
Event: 113.984 Thread 0x000000001b84f800 Exception <a 'java/lang/ClassNotFoundException': com/android/build/gradle/tasks/CheckManifestInInstantRunMode_DecoratedBeanInfo> (0x00000000e80b7698) thrown at [C:\src\android\AOSP-openjdk\external\jetbrains\jdk\hotspot\src\share\vm\classfile\systemDictionÈ.8§
Event: 113.984 Thread 0x000000001b84f800 Exception <a 'java/lang/ClassNotFoundException': com/android/build/gradle/tasks/CheckManifestInInstantRunModeBeanInfo> (0x00000000e80cb410) thrown at [C:\src\android\AOSP-openjdk\external\jetbrains\jdk\hotspot\src\share\vm\classfile\systemDictionary.cpp, l#9R'\@
Event: 113.985 Thread 0x000000001b84f800 Exception <a 'java/lang/ClassNotFoundException': com/android/build/gradle/tasks/CheckManifestInInstantRunModeCustomizer> (0x00000000e80df568) thrown at [C:\src\android\AOSP-openjdk\external\jetbrains\jdk\hotspot\src\share\vm\classfile\systemDictionary.cpp,^ç˜7 \@
Event: 113.986 Thread 0x000000001b84f800 Exception <a 'java/lang/ClassNotFoundException': com/android/build/gradle/tasks/CheckManifestInInstantRunMode_DecoratedCustomizer> (0x00000000e8109038) thrown at [C:\src\android\AOSP-openjdk\external\jetbrains\jdk\hotspot\src\share\vm\classfile\systemDictig{“\@
Event: 113.997 Thread 0x000000001b84f800 Exception <a 'java/lang/ClassNotFoundException': com/android/build/gradle/tasks/fd/GenerateInstantRunAppInfoTask_DecoratedBeanInfo> (0x00000000e8228ea0) thrown at [C:\src\android\AOSP-openjdk\external\jetbrains\jdk\hotspot\src\share\vm\classfile\systemDict}Ë®⁄\@
Event: 113.998 Thread 0x000000001b84f800 Exception <a 'java/lang/ClassNotFoundException': com/android/build/gradle/tasks/fd/GenerateInstantRunAppInfoTaskBeanInfo> (0x00000000e823d3e0) thrown at [C:\src\android\AOSP-openjdk\external\jetbrains\jdk\hotspot\src\share\vm\classfile\systemDictionary.cpp·\EMﬂ\@
Event: 113.998 Thread 0x000000001b84f800 Exception <a 'java/lang/ClassNotFoundException': com/android/build/gradle/tasks/fd/GenerateInstantRunAppInfoTaskCustomizer> (0x00000000e8251cf0) thrown at [C:\src\android\AOSP-openjdk\external\jetbrains\jdk\hotspot\src\share\vm\classfile\systemDictionary.cÃ8ﬁÔ\@
Event: 113.999 Thread 0x000000001b84f800 Exception <a 'java/lang/ClassNotFoundException': com/android/build/gradle/tasks/fd/GenerateInstantRunAppInfoTask_DecoratedCustomizer> (0x00000000e827a338) thrown at [C:\src\android\AOSP-openjdk\external\jetbrains\jdk\hotspot\src\share\vm\classfile\systemDiøp_Ô,©]@
Event: 118.643 Thread 0x000000001b84f800 Exception <a 'java/lang/ClassNotFoundException': com/android/build/gradle/internal/LibraryCache$1BeanInfo> (0x00000000e92f75f0) thrown at [C:\src\android\AOSP-openjdk\external\jetbrains\jdk\hotspot\src\share\vm\classfile\systemDictionary.cpp, line 210]
Event: 118.644 Thread 0x000000001b84f800 Exception <a 'java/lang/ClassNotFoundException': com/android/build/gradle/internal/LibraryCache$1Customizer> (0x00000000e9307e88) thrown at [C:\src\android\AOSP-openjdk\external\jetbrains\jdk\hotspot\src\share\vm\classfile\systemDictionary.cpp, line 210]

Events (10 events):
Event: 122.952 Thread 0x0000000018948000 DEOPT UNPACKING pc=0x000000000275556a sp=0x000000001a03f148 mode 2
Event: 122.952 Thread 0x0000000018948000 Uncommon trap: trap_request=0xffffffc6 fr.pc=0x00000000028d0560
Event: 122.952 Thread 0x0000000018948000 DEOPT PACKING pc=0x00000000028d0560 sp=0x000000001a03f1f0
Event: 122.952 Thread 0x0000000018948000 DEOPT UNPACKING pc=0x000000000275556a sp=0x000000001a03f190 mode 2
Event: 124.112 Thread 0x000000001b84f800 Uncommon trap: trap_request=0xffffffd6 fr.pc=0x000000000411df84
Event: 124.112 Thread 0x000000001b84f800 DEOPT PACKING pc=0x000000000411df84 sp=0x00000000231fcd00
Event: 124.112 Thread 0x000000001b84f800 DEOPT UNPACKING pc=0x000000000275556a sp=0x00000000231fcca0 mode 2
Event: 124.450 Thread 0x000000001b84f800 Uncommon trap: trap_request=0xffffffd6 fr.pc=0x000000000411df84
Event: 124.450 Thread 0x000000001b84f800 DEOPT PACKING pc=0x000000000411df84 sp=0x00000000231fcd00
Event: 124.450 Thread 0x000000001b84f800 DEOPT UNPACKING pc=0x000000000275556a sp=0x00000000231fcca0 mode 2


Dynamic libraries:
0x00007ff726fc0000 - 0x00007ff726ff1000 	C:\Program Files\Android\Android Studio\jre\bin\java.exe
0x00007ffaa7fc0000 - 0x00007ffaa8191000 	C:\WINDOWS\SYSTEM32\ntdll.dll
0x00007ffaa7850000 - 0x00007ffaa78fb000 	C:\WINDOWS\System32\KERNEL32.DLL
0x00007ffaa44b0000 - 0x00007ffaa46cd000 	C:\WINDOWS\System32\KERNELBASE.dll
0x00007ffaa2820000 - 0x00007ffaa289a000 	C:\WINDOWS\system32\apphelp.dll
0x00007ffaa7700000 - 0x00007ffaa77a2000 	C:\WINDOWS\System32\ADVAPI32.dll
0x00007ffaa77b0000 - 0x00007ffaa784e000 	C:\WINDOWS\System32\msvcrt.dll
0x00007ffaa6c30000 - 0x00007ffaa6c89000 	C:\WINDOWS\System32\sechost.dll
0x00007ffaa6c90000 - 0x00007ffaa6db1000 	C:\WINDOWS\System32\RPCRT4.dll
0x00007ffaa6ac0000 - 0x00007ffaa6c25000 	C:\WINDOWS\System32\USER32.dll
0x00007ffaa4780000 - 0x00007ffaa479e000 	C:\WINDOWS\System32\win32u.dll
0x00007ffaa74e0000 - 0x00007ffaa7514000 	C:\WINDOWS\System32\GDI32.dll
0x00007ffaa51f0000 - 0x00007ffaa5372000 	C:\WINDOWS\System32\gdi32full.dll
0x00007ffa8eeb0000 - 0x00007ffa8f129000 	C:\WINDOWS\WinSxS\amd64_microsoft.windows.common-controls_6595b64144ccf1df_6.0.14393.447_none_42191651c6827bb3\COMCTL32.dll
0x00007ffaa6de0000 - 0x00007ffaa70a8000 	C:\WINDOWS\System32\combase.dll
0x00007ffaa5040000 - 0x00007ffaa5135000 	C:\WINDOWS\System32\ucrtbase.dll
0x00007ffaa4fd0000 - 0x00007ffaa503a000 	C:\WINDOWS\System32\bcryptPrimitives.dll
0x00007ffaa7d20000 - 0x00007ffaa7d4e000 	C:\WINDOWS\System32\IMM32.DLL
0x00000000517e0000 - 0x00000000518b2000 	C:\Program Files\Android\Android Studio\jre\jre\bin\msvcr100.dll
0x0000000050860000 - 0x0000000051094000 	C:\Program Files\Android\Android Studio\jre\jre\bin\server\jvm.dll
0x00007ffaa7d50000 - 0x00007ffaa7d58000 	C:\WINDOWS\System32\PSAPI.DLL
0x00007ffa9fda0000 - 0x00007ffa9fdaa000 	C:\WINDOWS\SYSTEM32\VERSION.dll
0x00007ffaa02c0000 - 0x00007ffaa02c9000 	C:\WINDOWS\SYSTEM32\WSOCK32.dll
0x00007ffaa2580000 - 0x00007ffaa25a3000 	C:\WINDOWS\SYSTEM32\WINMM.dll
0x00007ffaa7690000 - 0x00007ffaa76fa000 	C:\WINDOWS\System32\WS2_32.dll
0x0000000000b70000 - 0x0000000000b9b000 	C:\WINDOWS\SYSTEM32\WINMMBASE.dll
0x00007ffaa5140000 - 0x00007ffaa5182000 	C:\WINDOWS\System32\cfgmgr32.dll
0x00007ffaa2810000 - 0x00007ffaa281f000 	C:\Program Files\Android\Android Studio\jre\jre\bin\verify.dll
0x00007ffa9d080000 - 0x00007ffa9d0a9000 	C:\Program Files\Android\Android Studio\jre\jre\bin\java.dll
0x00007ffa9cfa0000 - 0x00007ffa9cfb6000 	C:\Program Files\Android\Android Studio\jre\jre\bin\zip.dll
0x00007ffaa55b0000 - 0x00007ffaa6ab9000 	C:\WINDOWS\System32\SHELL32.dll
0x00007ffaa48f0000 - 0x00007ffaa4fca000 	C:\WINDOWS\System32\windows.storage.dll
0x00007ffaa4420000 - 0x00007ffaa446c000 	C:\WINDOWS\System32\powrprof.dll
0x00007ffaa5550000 - 0x00007ffaa55a2000 	C:\WINDOWS\System32\shlwapi.dll
0x00007ffaa44a0000 - 0x00007ffaa44af000 	C:\WINDOWS\System32\kernel.appcore.dll
0x00007ffaa46d0000 - 0x00007ffaa4779000 	C:\WINDOWS\System32\shcore.dll
0x00007ffaa4470000 - 0x00007ffaa4484000 	C:\WINDOWS\System32\profapi.dll
0x00007ffa9cd10000 - 0x00007ffa9cd2a000 	C:\Program Files\Android\Android Studio\jre\jre\bin\net.dll
0x00007ffaa3c20000 - 0x00007ffaa3c7c000 	C:\WINDOWS\system32\mswsock.dll
0x00007ffa9ccf0000 - 0x00007ffa9cd01000 	C:\Program Files\Android\Android Studio\jre\jre\bin\nio.dll
0x00007ffa9bfd0000 - 0x00007ffa9bfe2000 	C:\Users\sistema\.gradle\native\19\windows-amd64\native-platform.dll
0x00007ffaa3e90000 - 0x00007ffaa3ea7000 	C:\WINDOWS\SYSTEM32\CRYPTSP.dll
0x00007ffaa3da0000 - 0x00007ffaa3dd3000 	C:\WINDOWS\system32\rsaenh.dll
0x00007ffaa4370000 - 0x00007ffaa439b000 	C:\WINDOWS\SYSTEM32\bcrypt.dll
0x00007ffaa3ab0000 - 0x00007ffaa3acf000 	C:\WINDOWS\SYSTEM32\USERENV.dll
0x00007ffaa3eb0000 - 0x00007ffaa3ebb000 	C:\WINDOWS\SYSTEM32\CRYPTBASE.dll
0x00007ffaa39b0000 - 0x00007ffaa39e8000 	C:\WINDOWS\SYSTEM32\IPHLPAPI.DLL
0x00007ffaa7c00000 - 0x00007ffaa7c08000 	C:\WINDOWS\System32\NSI.dll
0x00007ffaa0730000 - 0x00007ffaa0746000 	C:\WINDOWS\SYSTEM32\dhcpcsvc6.DLL
0x00007ffaa0710000 - 0x00007ffaa072a000 	C:\WINDOWS\SYSTEM32\dhcpcsvc.DLL
0x00007ffaa1ac0000 - 0x00007ffaa1acd000 	C:\Program Files\Android\Android Studio\jre\jre\bin\management.dll

VM Arguments:
jvm_args: -Xmx1536m -Dfile.encoding=windows-1252 -Duser.country=PE -Duser.language=es -Duser.variant 
java_command: org.gradle.launcher.daemon.bootstrap.GradleDaemon 2.14.1
java_class_path (initial): C:\Program Files\Android\Android Studio\gradle\gradle-2.14.1\lib\gradle-launcher-2.14.1.jar
Launcher Type: SUN_STANDARD

Environment Variables:
JAVA_HOME=C:\Program Files\Java\jdk1.8.0_101
PATH=C:\ProgramData\Oracle\Java\javapath;C:\WINDOWS\system32;C:\WINDOWS;C:\WINDOWS\System32\Wbem;C:\WINDOWS\System32\WindowsPowerShell\v1.0\;C:\Program Files\Git\cmd;C:\xampp\php;C:\ProgramData\ComposerSetup\bin;C:\Program Files\nodejs\;C:\Users\sistema\AppData\Roaming\Composer\vendor\bin;C:\Users\sistema\AppData\Local\Microsoft\WindowsApps;C:\Users\sistema\AppData\Roaming\npm
USERNAME=sistema
OS=Windows_NT
PROCESSOR_IDENTIFIER=Intel64 Family 6 Model 42 Stepping 7, GenuineIntel



---------------  S Y S T E M  ---------------

OS: Windows 10.0 , 64 bit Build 14393 (10.0.14393.0)

CPU:total 4 (2 cores per cpu, 2 threads per core) family 6 model 42 stepping 7, cmov, cx8, fxsr, mmx, sse, sse2, sse3, ssse3, sse4.1, sse4.2, popcnt, avx, clmul, ht, tsc, tscinvbit

Memory: 4k page, physical 4100552k(189220k free), swap 4100552k(3532k free)

vm_info: OpenJDK 64-Bit Server VM (25.76-b03) for windows-amd64 JRE (1.8.0_76-release-b03), built on Jun 29 2016 19:09:20 by "ralucas" with MS VC++ 10.0 (VS2010)

time: Fri Dec 16 19:47:15 2016
elapsed time: 125 seconds (0d 0h 2m 5s)

